Arguments: 
  /usr/local/bin/node /usr/local/Cellar/yarn/1.22.19/libexec/bin/yarn.js add --dev @openzeppelin/contracts

PATH: 
  /Users/kentmiguel/.cargo/bin:/usr/local/bin:/System/Cryptexes/App/usr/bin:/usr/bin:/bin:/usr/sbin:/sbin:/usr/local/go/bin:/usr/local/share/dotnet:~/.dotnet/tools:/Library/Frameworks/Mono.framework/Versions/Current/Commands:/Applications/Xamarin Workbooks.app/Contents/SharedSupport/path-bin:/opt/homebrew/bin:/Users/kentmiguel/.yarn/bin:/Users/kentmiguel/.config/yarn/global/node_modules/.bin:/Users/kentmiguel/opt/anaconda3/bin:/Library/Frameworks/Python.framework/Versions/3.11/bin:/Library/Frameworks/Python.framework/Versions/3.8/bin:/Users/kentmiguel/.fig/bin:/Users/kentmiguel/.local/bin:/Users/kentmiguel/.foundry/bin

Yarn version: 
  1.22.19

Node version: 
  18.12.1

Platform: 
  darwin x64

Trace: 
  Error: EACCES: permission denied, unlink '/Users/kentmiguel/Documents/projects/ethernaut/ethernaut-proof-of-code/ethernaut/node_modules/.yarn-integrity'

npm manifest: 
  {
    "devDependencies": {
      "@openzeppelin/contracts": "3.4.1"
    }
  }

yarn manifest: 
  No manifest

Lockfile: 
  # THIS IS AN AUTOGENERATED FILE. DO NOT EDIT THIS FILE DIRECTLY.
  # yarn lockfile v1
  
  
  "@openzeppelin/contracts@3.4.1":
    version "3.4.1"
    resolved "https://registry.yarnpkg.com/@openzeppelin/contracts/-/contracts-3.4.1.tgz#03c891fec7f93be0ae44ed74e57a122a38732ce7"
    integrity sha512-cUriqMauq1ylzP2TxePNdPqkwI7Le3Annh4K9rrpvKfSBB/bdW+Iu1ihBaTIABTAAJ85LmKL5SSPPL9ry8d1gQ==
